2025-04-21 09:46:20 INFO  [background-preinit] o.h.validator.internal.util.Version - HV000001: Hibernate Validator 8.0.0.Final
2025-04-21 09:46:20 INFO  [restartedMain] medvedev.MedvedevhopApplication - Starting MedvedevhopApplication using Java 23.0.2 with PID 7552 (C:\Users\User\IdeaProjects\matvei2\target\classes started by User in C:\Users\User\IdeaProjects\matvei2)
2025-04-21 09:46:20 INFO  [restartedMain] medvedev.MedvedevhopApplication - No active profile set, falling back to 1 default profile: "default"
2025-04-21 09:46:20 INFO  [restartedMain] o.s.b.d.e.DevToolsPropertyDefaultsPostProcessor - Devtools property defaults active! Set 'spring.devtools.add-properties' to 'false' to disable
2025-04-21 09:46:20 INFO  [restartedMain] o.s.b.d.e.DevToolsPropertyDefaultsPostProcessor - For additional web related logging consider setting the 'logging.level.web' property to 'DEBUG'
2025-04-21 09:46:21 INFO  [restartedMain] o.s.d.r.c.RepositoryConfigurationDelegate - Bootstrapping Spring Data JPA repositories in DEFAULT mode.
2025-04-21 09:46:21 INFO  [restartedMain] o.s.d.r.c.RepositoryConfigurationDelegate - Finished Spring Data repository scanning in 47 ms. Found 3 JPA repository interfaces.
2025-04-21 09:46:22 INFO  [restartedMain] o.s.b.w.e.tomcat.TomcatWebServer - Tomcat initialized with port(s): 8080 (http)
2025-04-21 09:46:22 INFO  [restartedMain] o.a.coyote.http11.Http11NioProtocol - Initializing ProtocolHandler ["http-nio-8080"]
2025-04-21 09:46:22 INFO  [restartedMain] o.a.catalina.core.StandardService - Starting service [Tomcat]
2025-04-21 09:46:22 INFO  [restartedMain] o.a.catalina.core.StandardEngine - Starting Servlet engine: [Apache Tomcat/10.1.7]
2025-04-21 09:46:22 INFO  [restartedMain] o.a.c.c.C.[Tomcat].[localhost].[/] - Initializing Spring embedded WebApplicationContext
2025-04-21 09:46:22 INFO  [restartedMain] o.s.b.w.s.c.ServletWebServerApplicationContext - Root WebApplicationContext: initialization completed in 1550 ms
2025-04-21 09:46:22 INFO  [restartedMain] o.h.jpa.internal.util.LogHelper - HHH000204: Processing PersistenceUnitInfo [name: default]
2025-04-21 09:46:22 INFO  [restartedMain] org.hibernate.Version - HHH000412: Hibernate ORM core version 6.1.7.Final
2025-04-21 09:46:22 INFO  [restartedMain] com.zaxxer.hikari.HikariDataSource - HikariPool-1 - Starting...
2025-04-21 09:46:22 INFO  [restartedMain] com.zaxxer.hikari.pool.HikariPool - HikariPool-1 - Added connection org.postgresql.jdbc.PgConnection@6764453b
2025-04-21 09:46:22 INFO  [restartedMain] com.zaxxer.hikari.HikariDataSource - HikariPool-1 - Start completed.
2025-04-21 09:46:23 INFO  [restartedMain] SQL dialect - HHH000400: Using dialect: org.hibernate.dialect.PostgreSQLDialect
2025-04-21 09:46:23 INFO  [restartedMain] o.h.e.t.j.p.i.JtaPlatformInitiator - HHH000490: Using JtaPlatform implementation: [org.hibernate.engine.transaction.jta.platform.internal.NoJtaPlatform]
2025-04-21 09:46:23 INFO  [restartedMain] o.s.o.j.LocalContainerEntityManagerFactoryBean - Initialized JPA EntityManagerFactory for persistence unit 'default'
2025-04-21 09:46:24 INFO  [restartedMain] medvedev.services.ClientCache - ClientCache инициализирован
2025-04-21 09:46:24 INFO  [restartedMain] medvedev.services.OrderCache - OrderCache инициализирован
2025-04-21 09:46:24 INFO  [restartedMain] m.services.SneakerCacheService - SneakerCacheService инициализирован
2025-04-21 09:46:25 INFO  [restartedMain] o.s.b.d.a.OptionalLiveReloadServer - LiveReload server is running on port 35729
2025-04-21 09:46:25 INFO  [restartedMain] o.a.coyote.http11.Http11NioProtocol - Starting ProtocolHandler ["http-nio-8080"]
2025-04-21 09:46:25 INFO  [restartedMain] o.s.b.w.e.tomcat.TomcatWebServer - Tomcat started on port(s): 8080 (http) with context path ''
2025-04-21 09:46:25 INFO  [restartedMain] medvedev.MedvedevhopApplication - Started MedvedevhopApplication in 5.0 seconds (process running for 6.483)
2025-04-21 09:46:25 INFO  [scheduling-1] medvedev.aspect.LoggingAspect - Method called: ClientCache.autoClearCache()
2025-04-21 09:46:25 INFO  [scheduling-1] medvedev.services.ClientCache - Автоматическая очистка кеша клиентов...
2025-04-21 09:46:25 INFO  [scheduling-1] medvedev.aspect.LoggingAspect - Method called: OrderCache.autoClearCache()
2025-04-21 09:46:25 INFO  [scheduling-1] medvedev.services.OrderCache - Автоматическая очистка кеша заказов...
2025-04-21 09:46:25 INFO  [scheduling-1] medvedev.aspect.LoggingAspect - Method called: SneakerCacheService.autoClearCache()
2025-04-21 09:46:25 INFO  [scheduling-1] m.services.SneakerCacheService - Автоматическая очистка кеша...
2025-04-21 09:46:31 INFO  [scheduling-1] medvedev.aspect.LoggingAspect - Method called: OrderCache.autoClearCache()
2025-04-21 09:46:31 INFO  [scheduling-1] medvedev.services.OrderCache - Автоматическая очистка кеша заказов...
2025-04-21 09:46:37 INFO  [scheduling-1] medvedev.aspect.LoggingAspect - Method called: OrderCache.autoClearCache()
2025-04-21 09:46:37 INFO  [scheduling-1] medvedev.services.OrderCache - Автоматическая очистка кеша заказов...
2025-04-21 09:46:43 INFO  [scheduling-1] medvedev.aspect.LoggingAspect - Method called: OrderCache.autoClearCache()
2025-04-21 09:46:43 INFO  [scheduling-1] medvedev.services.OrderCache - Автоматическая очистка кеша заказов...
2025-04-21 09:46:49 INFO  [scheduling-1] medvedev.aspect.LoggingAspect - Method called: OrderCache.autoClearCache()
2025-04-21 09:46:49 INFO  [scheduling-1] medvedev.services.OrderCache - Автоматическая очистка кеша заказов...
2025-04-21 09:46:55 INFO  [scheduling-1] medvedev.aspect.LoggingAspect - Method called: OrderCache.autoClearCache()
2025-04-21 09:46:55 INFO  [scheduling-1] medvedev.services.OrderCache - Автоматическая очистка кеша заказов...
2025-04-21 09:47:01 INFO  [scheduling-1] medvedev.aspect.LoggingAspect - Method called: OrderCache.autoClearCache()
2025-04-21 09:47:01 INFO  [scheduling-1] medvedev.services.OrderCache - Автоматическая очистка кеша заказов...
2025-04-21 09:47:04 INFO  [SpringApplicationShutdownHook] o.s.o.j.LocalContainerEntityManagerFactoryBean - Closing JPA EntityManagerFactory for persistence unit 'default'
2025-04-21 09:47:04 INFO  [SpringApplicationShutdownHook] com.zaxxer.hikari.HikariDataSource - HikariPool-1 - Shutdown initiated...
2025-04-21 09:47:04 INFO  [SpringApplicationShutdownHook] com.zaxxer.hikari.HikariDataSource - HikariPool-1 - Shutdown completed.
2025-04-21 09:47:10 INFO  [background-preinit] o.h.validator.internal.util.Version - HV000001: Hibernate Validator 8.0.0.Final
2025-04-21 09:47:10 INFO  [restartedMain] medvedev.MedvedevhopApplication - Starting MedvedevhopApplication using Java 23.0.2 with PID 3088 (C:\Users\User\IdeaProjects\matvei2\target\classes started by User in C:\Users\User\IdeaProjects\matvei2)
2025-04-21 09:47:10 INFO  [restartedMain] medvedev.MedvedevhopApplication - No active profile set, falling back to 1 default profile: "default"
2025-04-21 09:47:10 INFO  [restartedMain] o.s.b.d.e.DevToolsPropertyDefaultsPostProcessor - Devtools property defaults active! Set 'spring.devtools.add-properties' to 'false' to disable
2025-04-21 09:47:10 INFO  [restartedMain] o.s.b.d.e.DevToolsPropertyDefaultsPostProcessor - For additional web related logging consider setting the 'logging.level.web' property to 'DEBUG'
2025-04-21 09:47:11 INFO  [restartedMain] o.s.d.r.c.RepositoryConfigurationDelegate - Bootstrapping Spring Data JPA repositories in DEFAULT mode.
2025-04-21 09:47:11 INFO  [restartedMain] o.s.d.r.c.RepositoryConfigurationDelegate - Finished Spring Data repository scanning in 78 ms. Found 3 JPA repository interfaces.
2025-04-21 09:47:12 INFO  [restartedMain] o.s.b.w.e.tomcat.TomcatWebServer - Tomcat initialized with port(s): 8080 (http)
2025-04-21 09:47:12 INFO  [restartedMain] o.a.coyote.http11.Http11NioProtocol - Initializing ProtocolHandler ["http-nio-8080"]
2025-04-21 09:47:12 INFO  [restartedMain] o.a.catalina.core.StandardService - Starting service [Tomcat]
2025-04-21 09:47:12 INFO  [restartedMain] o.a.catalina.core.StandardEngine - Starting Servlet engine: [Apache Tomcat/10.1.7]
2025-04-21 09:47:12 INFO  [restartedMain] o.a.c.c.C.[Tomcat].[localhost].[/] - Initializing Spring embedded WebApplicationContext
2025-04-21 09:47:12 INFO  [restartedMain] o.s.b.w.s.c.ServletWebServerApplicationContext - Root WebApplicationContext: initialization completed in 2015 ms
2025-04-21 09:47:12 INFO  [restartedMain] o.h.jpa.internal.util.LogHelper - HHH000204: Processing PersistenceUnitInfo [name: default]
2025-04-21 09:47:12 INFO  [restartedMain] org.hibernate.Version - HHH000412: Hibernate ORM core version 6.1.7.Final
2025-04-21 09:47:12 INFO  [restartedMain] com.zaxxer.hikari.HikariDataSource - HikariPool-1 - Starting...
2025-04-21 09:47:13 INFO  [restartedMain] com.zaxxer.hikari.pool.HikariPool - HikariPool-1 - Added connection org.postgresql.jdbc.PgConnection@f360353
2025-04-21 09:47:13 INFO  [restartedMain] com.zaxxer.hikari.HikariDataSource - HikariPool-1 - Start completed.
2025-04-21 09:47:13 INFO  [restartedMain] SQL dialect - HHH000400: Using dialect: org.hibernate.dialect.PostgreSQLDialect
2025-04-21 09:47:14 INFO  [restartedMain] o.h.e.t.j.p.i.JtaPlatformInitiator - HHH000490: Using JtaPlatform implementation: [org.hibernate.engine.transaction.jta.platform.internal.NoJtaPlatform]
2025-04-21 09:47:14 INFO  [restartedMain] o.s.o.j.LocalContainerEntityManagerFactoryBean - Initialized JPA EntityManagerFactory for persistence unit 'default'
2025-04-21 09:47:14 INFO  [restartedMain] medvedev.services.ClientCache - ClientCache инициализирован
2025-04-21 09:47:14 INFO  [restartedMain] medvedev.services.OrderCache - OrderCache инициализирован
2025-04-21 09:47:14 INFO  [restartedMain] m.services.SneakerCacheService - SneakerCacheService инициализирован
2025-04-21 09:47:15 INFO  [restartedMain] o.s.b.d.a.OptionalLiveReloadServer - LiveReload server is running on port 35729
2025-04-21 09:47:15 INFO  [restartedMain] o.a.coyote.http11.Http11NioProtocol - Starting ProtocolHandler ["http-nio-8080"]
2025-04-21 09:47:15 INFO  [restartedMain] o.s.b.w.e.tomcat.TomcatWebServer - Tomcat started on port(s): 8080 (http) with context path ''
2025-04-21 09:47:15 INFO  [restartedMain] medvedev.MedvedevhopApplication - Started MedvedevhopApplication in 6.15 seconds (process running for 7.03)
2025-04-21 09:47:15 INFO  [scheduling-1] medvedev.aspect.LoggingAspect - Method called: ClientCache.autoClearCache()
2025-04-21 09:47:15 INFO  [scheduling-1] medvedev.services.ClientCache - Автоматическая очистка кеша клиентов...
2025-04-21 09:47:15 INFO  [scheduling-1] medvedev.aspect.LoggingAspect - Method called: OrderCache.autoClearCache()
2025-04-21 09:47:15 INFO  [scheduling-1] medvedev.services.OrderCache - Автоматическая очистка кеша заказов...
2025-04-21 09:47:15 INFO  [scheduling-1] medvedev.aspect.LoggingAspect - Method called: SneakerCacheService.autoClearCache()
2025-04-21 09:47:15 INFO  [scheduling-1] m.services.SneakerCacheService - Автоматическая очистка кеша...
2025-04-21 09:47:41 INFO  [http-nio-8080-exec-2] o.a.c.c.C.[Tomcat].[localhost].[/] - Initializing Spring DispatcherServlet 'dispatcherServlet'
2025-04-21 09:47:41 INFO  [http-nio-8080-exec-2] o.s.web.servlet.DispatcherServlet - Initializing Servlet 'dispatcherServlet'
2025-04-21 09:47:41 INFO  [http-nio-8080-exec-2] o.s.web.servlet.DispatcherServlet - Completed initialization in 1 ms
2025-04-21 09:47:41 INFO  [http-nio-8080-exec-2] medvedev.aspect.LoggingAspect - Method called: ClientService.getClientsBySneakerBrand(..)
2025-04-21 09:47:41 INFO  [http-nio-8080-exec-2] medvedev.services.ClientService - Getting client by sneaker brand Reebok
2025-04-21 09:47:41 INFO  [http-nio-8080-exec-2] medvedev.aspect.LoggingAspect - Method called: ClientCache.contains(..)
2025-04-21 09:47:41 INFO  [http-nio-8080-exec-2] medvedev.services.ClientCache - Проверка наличия бренда Reebok в кеше: false
2025-04-21 09:47:41 INFO  [http-nio-8080-exec-2] medvedev.aspect.LoggingAspect - Method called: ClientCache.put(..)
2025-04-21 09:47:41 INFO  [http-nio-8080-exec-2] medvedev.services.ClientCache - Добавление в кеш клиентов по бренду: Reebok (1 клиентов)
2025-04-21 09:47:48 INFO  [http-nio-8080-exec-3] medvedev.aspect.LoggingAspect - Method called: SneakerService.getSneakersByBrand(..)
2025-04-21 09:47:48 INFO  [http-nio-8080-exec-3] medvedev.aspect.LoggingAspect - Method called: SneakerCacheService.getSneakerFromCache(..)
2025-04-21 09:47:48 INFO  [http-nio-8080-exec-3] m.services.SneakerCacheService - Попытка получить кроссовок из кеша по бренду: Reebok
2025-04-21 09:47:48 INFO  [http-nio-8080-exec-3] medvedev.aspect.LoggingAspect - Method called: SneakerCacheService.addSneakerToCache(..)
2025-04-21 09:47:48 INFO  [http-nio-8080-exec-3] m.services.SneakerCacheService - Добавление кроссовка в кеш: бренд = Reebok
2025-04-21 09:48:07 INFO  [http-nio-8080-exec-4] medvedev.aspect.LoggingAspect - Method called: ClientService.getClientsBySneakerBrand(..)
2025-04-21 09:48:07 INFO  [http-nio-8080-exec-4] medvedev.services.ClientService - Getting client by sneaker brand Reebok
2025-04-21 09:48:07 INFO  [http-nio-8080-exec-4] medvedev.aspect.LoggingAspect - Method called: ClientCache.contains(..)
2025-04-21 09:48:07 INFO  [http-nio-8080-exec-4] medvedev.services.ClientCache - Проверка наличия бренда Reebok в кеше: true
2025-04-21 09:48:07 INFO  [http-nio-8080-exec-4] medvedev.services.ClientService - Getting client by sneaker brand Reebok
2025-04-21 09:48:07 INFO  [http-nio-8080-exec-4] medvedev.aspect.LoggingAspect - Method called: ClientCache.get(..)
2025-04-21 09:48:07 INFO  [http-nio-8080-exec-4] medvedev.services.ClientCache - Получение клиентов из кеша по бренду: Reebok
2025-04-21 09:48:15 INFO  [scheduling-1] medvedev.aspect.LoggingAspect - Method called: ClientCache.autoClearCache()
2025-04-21 09:48:15 INFO  [scheduling-1] medvedev.services.ClientCache - Автоматическая очистка кеша клиентов...
2025-04-21 09:48:15 INFO  [scheduling-1] medvedev.aspect.LoggingAspect - Method called: OrderCache.autoClearCache()
2025-04-21 09:48:15 INFO  [scheduling-1] medvedev.services.OrderCache - Автоматическая очистка кеша заказов...
2025-04-21 09:48:15 INFO  [scheduling-1] medvedev.aspect.LoggingAspect - Method called: SneakerCacheService.autoClearCache()
2025-04-21 09:48:15 INFO  [scheduling-1] m.services.SneakerCacheService - Автоматическая очистка кеша...
2025-04-21 09:49:15 INFO  [scheduling-1] medvedev.aspect.LoggingAspect - Method called: ClientCache.autoClearCache()
2025-04-21 09:49:15 INFO  [scheduling-1] medvedev.services.ClientCache - Автоматическая очистка кеша клиентов...
2025-04-21 09:49:15 INFO  [scheduling-1] medvedev.aspect.LoggingAspect - Method called: OrderCache.autoClearCache()
2025-04-21 09:49:15 INFO  [scheduling-1] medvedev.services.OrderCache - Автоматическая очистка кеша заказов...
2025-04-21 09:49:15 INFO  [scheduling-1] medvedev.aspect.LoggingAspect - Method called: SneakerCacheService.autoClearCache()
2025-04-21 09:49:15 INFO  [scheduling-1] m.services.SneakerCacheService - Автоматическая очистка кеша...
2025-04-21 09:49:54 WARN  [http-nio-8080-exec-8] o.s.w.s.m.m.a.ExceptionHandlerExceptionResolver - Resolved [org.springframework.web.bind.MissingServletRequestParameterException: Required request parameter 'date' for method parameter type String is not present]
2025-04-21 09:50:14 WARN  [http-nio-8080-exec-1] o.s.w.s.m.m.a.ExceptionHandlerExceptionResolver - Resolved [org.springframework.web.bind.MissingServletRequestParameterException: Required request parameter 'date' for method parameter type String is not present]
2025-04-21 09:50:15 INFO  [scheduling-1] medvedev.aspect.LoggingAspect - Method called: ClientCache.autoClearCache()
2025-04-21 09:50:15 INFO  [scheduling-1] medvedev.services.ClientCache - Автоматическая очистка кеша клиентов...
2025-04-21 09:50:15 INFO  [scheduling-1] medvedev.aspect.LoggingAspect - Method called: OrderCache.autoClearCache()
2025-04-21 09:50:15 INFO  [scheduling-1] medvedev.services.OrderCache - Автоматическая очистка кеша заказов...
2025-04-21 09:50:15 INFO  [scheduling-1] medvedev.aspect.LoggingAspect - Method called: SneakerCacheService.autoClearCache()
2025-04-21 09:50:15 INFO  [scheduling-1] m.services.SneakerCacheService - Автоматическая очистка кеша...
2025-04-21 09:51:15 INFO  [scheduling-1] medvedev.aspect.LoggingAspect - Method called: ClientCache.autoClearCache()
2025-04-21 09:51:15 INFO  [scheduling-1] medvedev.services.ClientCache - Автоматическая очистка кеша клиентов...
2025-04-21 09:51:15 INFO  [scheduling-1] medvedev.aspect.LoggingAspect - Method called: OrderCache.autoClearCache()
2025-04-21 09:51:15 INFO  [scheduling-1] medvedev.services.OrderCache - Автоматическая очистка кеша заказов...
2025-04-21 09:51:15 INFO  [scheduling-1] medvedev.aspect.LoggingAspect - Method called: SneakerCacheService.autoClearCache()
2025-04-21 09:51:15 INFO  [scheduling-1] m.services.SneakerCacheService - Автоматическая очистка кеша...
2025-04-21 09:51:45 INFO  [File Watcher] o.s.b.d.a.LocalDevToolsAutoConfiguration$RestartingClassPathChangeChangedEventListener - Restarting due to 1 class path change (0 additions, 1 deletion, 0 modifications)
2025-04-21 09:51:45 INFO  [Thread-5] o.a.coyote.http11.Http11NioProtocol - Pausing ProtocolHandler ["http-nio-8080"]
2025-04-21 09:51:45 INFO  [Thread-5] o.a.catalina.core.StandardService - Stopping service [Tomcat]
2025-04-21 09:51:45 INFO  [Thread-5] o.a.c.c.C.[Tomcat].[localhost].[/] - Destroying Spring FrameworkServlet 'dispatcherServlet'
2025-04-21 09:51:45 INFO  [Thread-5] o.a.coyote.http11.Http11NioProtocol - Stopping ProtocolHandler ["http-nio-8080"]
2025-04-21 09:51:45 INFO  [Thread-5] o.a.coyote.http11.Http11NioProtocol - Destroying ProtocolHandler ["http-nio-8080"]
2025-04-21 09:51:45 INFO  [Thread-5] o.s.o.j.LocalContainerEntityManagerFactoryBean - Closing JPA EntityManagerFactory for persistence unit 'default'
2025-04-21 09:51:45 INFO  [Thread-5] com.zaxxer.hikari.HikariDataSource - HikariPool-1 - Shutdown initiated...
2025-04-21 09:51:45 INFO  [Thread-5] com.zaxxer.hikari.HikariDataSource - HikariPool-1 - Shutdown completed.
2025-04-21 09:51:45 INFO  [restartedMain] medvedev.MedvedevhopApplication - Starting MedvedevhopApplication...
2025-04-21 09:51:45 INFO  [restartedMain] medvedev.MedvedevhopApplication - Starting MedvedevhopApplication using Java 23.0.2 with PID 3088 (C:\Users\User\IdeaProjects\matvei2\target\classes started by User in C:\Users\User\IdeaProjects\matvei2)
2025-04-21 09:51:45 INFO  [restartedMain] medvedev.MedvedevhopApplication - No active profile set, falling back to 1 default profile: "default"
2025-04-21 09:51:45 INFO  [restartedMain] o.s.d.r.c.RepositoryConfigurationDelegate - Bootstrapping Spring Data JPA repositories in DEFAULT mode.
2025-04-21 09:51:45 INFO  [restartedMain] o.s.d.r.c.RepositoryConfigurationDelegate - Finished Spring Data repository scanning in 22 ms. Found 3 JPA repository interfaces.
2025-04-21 09:51:46 INFO  [restartedMain] o.s.b.w.e.tomcat.TomcatWebServer - Tomcat initialized with port(s): 8080 (http)
2025-04-21 09:51:46 INFO  [restartedMain] o.a.coyote.http11.Http11NioProtocol - Initializing ProtocolHandler ["http-nio-8080"]
2025-04-21 09:51:46 INFO  [restartedMain] o.a.catalina.core.StandardService - Starting service [Tomcat]
2025-04-21 09:51:46 INFO  [restartedMain] o.a.catalina.core.StandardEngine - Starting Servlet engine: [Apache Tomcat/10.1.7]
2025-04-21 09:51:46 INFO  [restartedMain] o.a.c.c.C.[Tomcat].[localhost].[/] - Initializing Spring embedded WebApplicationContext
2025-04-21 09:51:46 INFO  [restartedMain] o.s.b.w.s.c.ServletWebServerApplicationContext - Root WebApplicationContext: initialization completed in 507 ms
2025-04-21 09:51:46 INFO  [restartedMain] o.h.jpa.internal.util.LogHelper - HHH000204: Processing PersistenceUnitInfo [name: default]
2025-04-21 09:51:46 INFO  [restartedMain] com.zaxxer.hikari.HikariDataSource - HikariPool-2 - Starting...
2025-04-21 09:51:46 INFO  [restartedMain] com.zaxxer.hikari.pool.HikariPool - HikariPool-2 - Added connection org.postgresql.jdbc.PgConnection@6f3c169b
2025-04-21 09:51:46 INFO  [restartedMain] com.zaxxer.hikari.HikariDataSource - HikariPool-2 - Start completed.
2025-04-21 09:51:46 INFO  [restartedMain] SQL dialect - HHH000400: Using dialect: org.hibernate.dialect.PostgreSQLDialect
2025-04-21 09:51:46 INFO  [restartedMain] o.h.e.t.j.p.i.JtaPlatformInitiator - HHH000490: Using JtaPlatform implementation: [org.hibernate.engine.transaction.jta.platform.internal.NoJtaPlatform]
2025-04-21 09:51:46 INFO  [restartedMain] o.s.o.j.LocalContainerEntityManagerFactoryBean - Initialized JPA EntityManagerFactory for persistence unit 'default'
2025-04-21 09:51:46 INFO  [restartedMain] medvedev.services.ClientCache - ClientCache инициализирован
2025-04-21 09:51:46 INFO  [restartedMain] medvedev.services.OrderCache - OrderCache инициализирован
2025-04-21 09:51:46 INFO  [restartedMain] m.services.SneakerCacheService - SneakerCacheService инициализирован
2025-04-21 09:51:47 INFO  [restartedMain] o.s.b.d.a.OptionalLiveReloadServer - LiveReload server is running on port 35729
2025-04-21 09:51:47 INFO  [restartedMain] o.a.coyote.http11.Http11NioProtocol - Starting ProtocolHandler ["http-nio-8080"]
2025-04-21 09:51:47 INFO  [restartedMain] o.s.b.w.e.tomcat.TomcatWebServer - Tomcat started on port(s): 8080 (http) with context path ''
2025-04-21 09:51:47 INFO  [restartedMain] medvedev.MedvedevhopApplication - Started MedvedevhopApplication in 1.744 seconds (process running for 278.777)
2025-04-21 09:51:47 INFO  [scheduling-1] medvedev.aspect.LoggingAspect - Method called: ClientCache.autoClearCache()
2025-04-21 09:51:47 INFO  [scheduling-1] medvedev.services.ClientCache - Автоматическая очистка кеша клиентов...
2025-04-21 09:51:47 INFO  [scheduling-1] medvedev.aspect.LoggingAspect - Method called: OrderCache.autoClearCache()
2025-04-21 09:51:47 INFO  [scheduling-1] medvedev.services.OrderCache - Автоматическая очистка кеша заказов...
2025-04-21 09:51:47 INFO  [scheduling-1] medvedev.aspect.LoggingAspect - Method called: SneakerCacheService.autoClearCache()
2025-04-21 09:51:47 INFO  [scheduling-1] m.services.SneakerCacheService - Автоматическая очистка кеша...
2025-04-21 09:51:47 INFO  [restartedMain] o.s.b.d.a.ConditionEvaluationDeltaLoggingListener - Condition evaluation unchanged
2025-04-21 09:51:48 INFO  [File Watcher] o.s.b.d.a.LocalDevToolsAutoConfiguration$RestartingClassPathChangeChangedEventListener - Restarting due to 1 class path change (1 addition, 0 deletions, 0 modifications)
2025-04-21 09:51:48 INFO  [Thread-7] o.a.coyote.http11.Http11NioProtocol - Pausing ProtocolHandler ["http-nio-8080"]
2025-04-21 09:51:48 INFO  [Thread-7] o.a.catalina.core.StandardService - Stopping service [Tomcat]
2025-04-21 09:51:48 INFO  [Thread-7] o.a.coyote.http11.Http11NioProtocol - Stopping ProtocolHandler ["http-nio-8080"]
2025-04-21 09:51:48 INFO  [Thread-7] o.a.coyote.http11.Http11NioProtocol - Destroying ProtocolHandler ["http-nio-8080"]
2025-04-21 09:51:48 INFO  [Thread-7] o.s.o.j.LocalContainerEntityManagerFactoryBean - Closing JPA EntityManagerFactory for persistence unit 'default'
2025-04-21 09:51:48 INFO  [Thread-7] com.zaxxer.hikari.HikariDataSource - HikariPool-2 - Shutdown initiated...
2025-04-21 09:51:48 INFO  [Thread-7] com.zaxxer.hikari.HikariDataSource - HikariPool-2 - Shutdown completed.
2025-04-21 09:51:48 INFO  [restartedMain] medvedev.MedvedevhopApplication - Starting MedvedevhopApplication...
2025-04-21 09:51:48 INFO  [restartedMain] medvedev.MedvedevhopApplication - Starting MedvedevhopApplication using Java 23.0.2 with PID 3088 (C:\Users\User\IdeaProjects\matvei2\target\classes started by User in C:\Users\User\IdeaProjects\matvei2)
2025-04-21 09:51:48 INFO  [restartedMain] medvedev.MedvedevhopApplication - No active profile set, falling back to 1 default profile: "default"
2025-04-21 09:51:49 INFO  [restartedMain] o.s.d.r.c.RepositoryConfigurationDelegate - Bootstrapping Spring Data JPA repositories in DEFAULT mode.
2025-04-21 09:51:49 INFO  [restartedMain] o.s.d.r.c.RepositoryConfigurationDelegate - Finished Spring Data repository scanning in 19 ms. Found 3 JPA repository interfaces.
2025-04-21 09:51:49 INFO  [restartedMain] o.s.b.w.e.tomcat.TomcatWebServer - Tomcat initialized with port(s): 8080 (http)
2025-04-21 09:51:49 INFO  [restartedMain] o.a.coyote.http11.Http11NioProtocol - Initializing ProtocolHandler ["http-nio-8080"]
2025-04-21 09:51:49 INFO  [restartedMain] o.a.catalina.core.StandardService - Starting service [Tomcat]
2025-04-21 09:51:49 INFO  [restartedMain] o.a.catalina.core.StandardEngine - Starting Servlet engine: [Apache Tomcat/10.1.7]
2025-04-21 09:51:49 INFO  [restartedMain] o.a.c.c.C.[Tomcat].[localhost].[/] - Initializing Spring embedded WebApplicationContext
2025-04-21 09:51:49 INFO  [restartedMain] o.s.b.w.s.c.ServletWebServerApplicationContext - Root WebApplicationContext: initialization completed in 452 ms
2025-04-21 09:51:49 INFO  [restartedMain] o.h.jpa.internal.util.LogHelper - HHH000204: Processing PersistenceUnitInfo [name: default]
2025-04-21 09:51:49 INFO  [restartedMain] com.zaxxer.hikari.HikariDataSource - HikariPool-3 - Starting...
2025-04-21 09:51:49 INFO  [restartedMain] com.zaxxer.hikari.pool.HikariPool - HikariPool-3 - Added connection org.postgresql.jdbc.PgConnection@647ad61c
2025-04-21 09:51:49 INFO  [restartedMain] com.zaxxer.hikari.HikariDataSource - HikariPool-3 - Start completed.
2025-04-21 09:51:49 INFO  [restartedMain] SQL dialect - HHH000400: Using dialect: org.hibernate.dialect.PostgreSQLDialect
2025-04-21 09:51:49 INFO  [restartedMain] o.h.e.t.j.p.i.JtaPlatformInitiator - HHH000490: Using JtaPlatform implementation: [org.hibernate.engine.transaction.jta.platform.internal.NoJtaPlatform]
2025-04-21 09:51:49 INFO  [restartedMain] o.s.o.j.LocalContainerEntityManagerFactoryBean - Initialized JPA EntityManagerFactory for persistence unit 'default'
2025-04-21 09:51:49 INFO  [restartedMain] medvedev.services.ClientCache - ClientCache инициализирован
2025-04-21 09:51:49 INFO  [restartedMain] medvedev.services.OrderCache - OrderCache инициализирован
2025-04-21 09:51:49 INFO  [restartedMain] m.services.SneakerCacheService - SneakerCacheService инициализирован
2025-04-21 09:51:50 INFO  [restartedMain] o.s.b.d.a.OptionalLiveReloadServer - LiveReload server is running on port 35729
2025-04-21 09:51:50 INFO  [restartedMain] o.a.coyote.http11.Http11NioProtocol - Starting ProtocolHandler ["http-nio-8080"]
2025-04-21 09:51:50 INFO  [restartedMain] o.s.b.w.e.tomcat.TomcatWebServer - Tomcat started on port(s): 8080 (http) with context path ''
2025-04-21 09:51:50 INFO  [restartedMain] medvedev.MedvedevhopApplication - Started MedvedevhopApplication in 1.568 seconds (process running for 281.822)
2025-04-21 09:51:50 INFO  [scheduling-1] medvedev.aspect.LoggingAspect - Method called: ClientCache.autoClearCache()
2025-04-21 09:51:50 INFO  [scheduling-1] medvedev.services.ClientCache - Автоматическая очистка кеша клиентов...
2025-04-21 09:51:50 INFO  [scheduling-1] medvedev.aspect.LoggingAspect - Method called: OrderCache.autoClearCache()
2025-04-21 09:51:50 INFO  [scheduling-1] medvedev.services.OrderCache - Автоматическая очистка кеша заказов...
2025-04-21 09:51:50 INFO  [scheduling-1] medvedev.aspect.LoggingAspect - Method called: SneakerCacheService.autoClearCache()
2025-04-21 09:51:50 INFO  [restartedMain] o.s.b.d.a.ConditionEvaluationDeltaLoggingListener - Condition evaluation unchanged
2025-04-21 09:51:50 INFO  [scheduling-1] m.services.SneakerCacheService - Автоматическая очистка кеша...
2025-04-21 09:51:53 INFO  [http-nio-8080-exec-5] o.a.c.c.C.[Tomcat].[localhost].[/] - Initializing Spring DispatcherServlet 'dispatcherServlet'
2025-04-21 09:51:53 INFO  [http-nio-8080-exec-5] o.s.web.servlet.DispatcherServlet - Initializing Servlet 'dispatcherServlet'
2025-04-21 09:51:53 INFO  [http-nio-8080-exec-5] o.s.web.servlet.DispatcherServlet - Completed initialization in 1 ms
2025-04-21 09:51:53 INFO  [http-nio-8080-exec-5] medvedev.aspect.LoggingAspect - Method called: LogService.getLogFileForDate(..)
2025-04-21 09:52:21 INFO  [http-nio-8080-exec-2] medvedev.aspect.LoggingAspect - Method called: LogService.getLogFileForDate(..)
2025-04-21 09:52:22 INFO  [http-nio-8080-exec-6] medvedev.aspect.LoggingAspect - Method called: LogService.getLogFileForDate(..)
2025-04-21 09:52:50 INFO  [scheduling-1] medvedev.aspect.LoggingAspect - Method called: ClientCache.autoClearCache()
2025-04-21 09:52:50 INFO  [scheduling-1] medvedev.services.ClientCache - Автоматическая очистка кеша клиентов...
2025-04-21 09:52:50 INFO  [scheduling-1] medvedev.aspect.LoggingAspect - Method called: OrderCache.autoClearCache()
2025-04-21 09:52:50 INFO  [scheduling-1] medvedev.services.OrderCache - Автоматическая очистка кеша заказов...
2025-04-21 09:52:50 INFO  [scheduling-1] medvedev.aspect.LoggingAspect - Method called: SneakerCacheService.autoClearCache()
2025-04-21 09:52:50 INFO  [scheduling-1] m.services.SneakerCacheService - Автоматическая очистка кеша...
2025-04-21 09:53:50 INFO  [scheduling-1] medvedev.aspect.LoggingAspect - Method called: ClientCache.autoClearCache()
2025-04-21 09:53:50 INFO  [scheduling-1] medvedev.services.ClientCache - Автоматическая очистка кеша клиентов...
2025-04-21 09:53:50 INFO  [scheduling-1] medvedev.aspect.LoggingAspect - Method called: OrderCache.autoClearCache()
2025-04-21 09:53:50 INFO  [scheduling-1] medvedev.services.OrderCache - Автоматическая очистка кеша заказов...
2025-04-21 09:53:50 INFO  [scheduling-1] medvedev.aspect.LoggingAspect - Method called: SneakerCacheService.autoClearCache()
2025-04-21 09:53:50 INFO  [scheduling-1] m.services.SneakerCacheService - Автоматическая очистка кеша...
2025-04-21 09:54:20 INFO  [http-nio-8080-exec-6] medvedev.aspect.LoggingAspect - Method called: LogService.getLogFileForDate(..)
2025-04-21 09:54:50 INFO  [scheduling-1] medvedev.aspect.LoggingAspect - Method called: ClientCache.autoClearCache()
2025-04-21 09:54:50 INFO  [scheduling-1] medvedev.services.ClientCache - Автоматическая очистка кеша клиентов...
2025-04-21 09:54:50 INFO  [scheduling-1] medvedev.aspect.LoggingAspect - Method called: OrderCache.autoClearCache()
2025-04-21 09:54:50 INFO  [scheduling-1] medvedev.services.OrderCache - Автоматическая очистка кеша заказов...
2025-04-21 09:54:50 INFO  [scheduling-1] medvedev.aspect.LoggingAspect - Method called: SneakerCacheService.autoClearCache()
2025-04-21 09:54:50 INFO  [scheduling-1] m.services.SneakerCacheService - Автоматическая очистка кеша...
2025-04-21 09:55:48 INFO  [http-nio-8080-exec-7] medvedev.aspect.LoggingAspect - Method called: LogService.getLogFileForDate(..)
2025-04-21 09:55:50 INFO  [scheduling-1] medvedev.aspect.LoggingAspect - Method called: ClientCache.autoClearCache()
2025-04-21 09:55:50 INFO  [scheduling-1] medvedev.services.ClientCache - Автоматическая очистка кеша клиентов...
2025-04-21 09:55:50 INFO  [scheduling-1] medvedev.aspect.LoggingAspect - Method called: OrderCache.autoClearCache()
2025-04-21 09:55:50 INFO  [scheduling-1] medvedev.services.OrderCache - Автоматическая очистка кеша заказов...
2025-04-21 09:55:50 INFO  [scheduling-1] medvedev.aspect.LoggingAspect - Method called: SneakerCacheService.autoClearCache()
2025-04-21 09:55:50 INFO  [scheduling-1] m.services.SneakerCacheService - Автоматическая очистка кеша...
2025-04-21 09:56:50 INFO  [scheduling-1] medvedev.aspect.LoggingAspect - Method called: ClientCache.autoClearCache()
2025-04-21 09:56:50 INFO  [scheduling-1] medvedev.services.ClientCache - Автоматическая очистка кеша клиентов...
2025-04-21 09:56:50 INFO  [scheduling-1] medvedev.aspect.LoggingAspect - Method called: OrderCache.autoClearCache()
2025-04-21 09:56:50 INFO  [scheduling-1] medvedev.services.OrderCache - Автоматическая очистка кеша заказов...
2025-04-21 09:56:50 INFO  [scheduling-1] medvedev.aspect.LoggingAspect - Method called: SneakerCacheService.autoClearCache()
2025-04-21 09:56:50 INFO  [scheduling-1] m.services.SneakerCacheService - Автоматическая очистка кеша...
2025-04-21 09:57:50 INFO  [scheduling-1] medvedev.aspect.LoggingAspect - Method called: ClientCache.autoClearCache()
2025-04-21 09:57:50 INFO  [scheduling-1] medvedev.services.ClientCache - Автоматическая очистка кеша клиентов...
2025-04-21 09:57:50 INFO  [scheduling-1] medvedev.aspect.LoggingAspect - Method called: OrderCache.autoClearCache()
2025-04-21 09:57:50 INFO  [scheduling-1] medvedev.services.OrderCache - Автоматическая очистка кеша заказов...
2025-04-21 09:57:50 INFO  [scheduling-1] medvedev.aspect.LoggingAspect - Method called: SneakerCacheService.autoClearCache()
2025-04-21 09:57:50 INFO  [scheduling-1] m.services.SneakerCacheService - Автоматическая очистка кеша...
2025-04-21 09:58:50 INFO  [scheduling-1] medvedev.aspect.LoggingAspect - Method called: ClientCache.autoClearCache()
2025-04-21 09:58:50 INFO  [scheduling-1] medvedev.services.ClientCache - Автоматическая очистка кеша клиентов...
2025-04-21 09:58:50 INFO  [scheduling-1] medvedev.aspect.LoggingAspect - Method called: OrderCache.autoClearCache()
2025-04-21 09:58:50 INFO  [scheduling-1] medvedev.services.OrderCache - Автоматическая очистка кеша заказов...
2025-04-21 09:58:50 INFO  [scheduling-1] medvedev.aspect.LoggingAspect - Method called: SneakerCacheService.autoClearCache()
2025-04-21 09:58:50 INFO  [scheduling-1] m.services.SneakerCacheService - Автоматическая очистка кеша...
2025-04-21 09:59:50 INFO  [scheduling-1] medvedev.aspect.LoggingAspect - Method called: ClientCache.autoClearCache()
2025-04-21 09:59:50 INFO  [scheduling-1] medvedev.services.ClientCache - Автоматическая очистка кеша клиентов...
2025-04-21 09:59:50 INFO  [scheduling-1] medvedev.aspect.LoggingAspect - Method called: OrderCache.autoClearCache()
2025-04-21 09:59:50 INFO  [scheduling-1] medvedev.services.OrderCache - Автоматическая очистка кеша заказов...
2025-04-21 09:59:50 INFO  [scheduling-1] medvedev.aspect.LoggingAspect - Method called: SneakerCacheService.autoClearCache()
2025-04-21 09:59:50 INFO  [scheduling-1] m.services.SneakerCacheService - Автоматическая очистка кеша...
2025-04-21 10:00:50 INFO  [scheduling-1] medvedev.aspect.LoggingAspect - Method called: ClientCache.autoClearCache()
2025-04-21 10:00:50 INFO  [scheduling-1] medvedev.services.ClientCache - Автоматическая очистка кеша клиентов...
2025-04-21 10:00:50 INFO  [scheduling-1] medvedev.aspect.LoggingAspect - Method called: OrderCache.autoClearCache()
2025-04-21 10:00:50 INFO  [scheduling-1] medvedev.services.OrderCache - Автоматическая очистка кеша заказов...
2025-04-21 10:00:50 INFO  [scheduling-1] medvedev.aspect.LoggingAspect - Method called: SneakerCacheService.autoClearCache()
2025-04-21 10:00:50 INFO  [scheduling-1] m.services.SneakerCacheService - Автоматическая очистка кеша...
2025-04-21 10:01:50 INFO  [scheduling-1] medvedev.aspect.LoggingAspect - Method called: ClientCache.autoClearCache()
2025-04-21 10:01:50 INFO  [scheduling-1] medvedev.services.ClientCache - Автоматическая очистка кеша клиентов...
2025-04-21 10:01:50 INFO  [scheduling-1] medvedev.aspect.LoggingAspect - Method called: OrderCache.autoClearCache()
2025-04-21 10:01:50 INFO  [scheduling-1] medvedev.services.OrderCache - Автоматическая очистка кеша заказов...
2025-04-21 10:01:50 INFO  [scheduling-1] medvedev.aspect.LoggingAspect - Method called: SneakerCacheService.autoClearCache()
2025-04-21 10:01:50 INFO  [scheduling-1] m.services.SneakerCacheService - Автоматическая очистка кеша...
2025-04-21 10:02:50 INFO  [scheduling-1] medvedev.aspect.LoggingAspect - Method called: ClientCache.autoClearCache()
2025-04-21 10:02:50 INFO  [scheduling-1] medvedev.services.ClientCache - Автоматическая очистка кеша клиентов...
2025-04-21 10:02:50 INFO  [scheduling-1] medvedev.aspect.LoggingAspect - Method called: OrderCache.autoClearCache()
2025-04-21 10:02:50 INFO  [scheduling-1] medvedev.services.OrderCache - Автоматическая очистка кеша заказов...
2025-04-21 10:02:50 INFO  [scheduling-1] medvedev.aspect.LoggingAspect - Method called: SneakerCacheService.autoClearCache()
2025-04-21 10:02:50 INFO  [scheduling-1] m.services.SneakerCacheService - Автоматическая очистка кеша...
2025-04-21 10:03:50 INFO  [scheduling-1] medvedev.aspect.LoggingAspect - Method called: ClientCache.autoClearCache()
2025-04-21 10:03:50 INFO  [scheduling-1] medvedev.services.ClientCache - Автоматическая очистка кеша клиентов...
2025-04-21 10:03:50 INFO  [scheduling-1] medvedev.aspect.LoggingAspect - Method called: OrderCache.autoClearCache()
2025-04-21 10:03:50 INFO  [scheduling-1] medvedev.services.OrderCache - Автоматическая очистка кеша заказов...
2025-04-21 10:03:50 INFO  [scheduling-1] medvedev.aspect.LoggingAspect - Method called: SneakerCacheService.autoClearCache()
2025-04-21 10:03:50 INFO  [scheduling-1] m.services.SneakerCacheService - Автоматическая очистка кеша...
2025-04-21 10:04:50 INFO  [scheduling-1] medvedev.aspect.LoggingAspect - Method called: ClientCache.autoClearCache()
2025-04-21 10:04:50 INFO  [scheduling-1] medvedev.services.ClientCache - Автоматическая очистка кеша клиентов...
2025-04-21 10:04:50 INFO  [scheduling-1] medvedev.aspect.LoggingAspect - Method called: OrderCache.autoClearCache()
2025-04-21 10:04:50 INFO  [scheduling-1] medvedev.services.OrderCache - Автоматическая очистка кеша заказов...
2025-04-21 10:04:50 INFO  [scheduling-1] medvedev.aspect.LoggingAspect - Method called: SneakerCacheService.autoClearCache()
2025-04-21 10:04:50 INFO  [scheduling-1] m.services.SneakerCacheService - Автоматическая очистка кеша...
2025-04-21 10:05:50 INFO  [scheduling-1] medvedev.aspect.LoggingAspect - Method called: ClientCache.autoClearCache()
2025-04-21 10:05:50 INFO  [scheduling-1] medvedev.services.ClientCache - Автоматическая очистка кеша клиентов...
2025-04-21 10:05:50 INFO  [scheduling-1] medvedev.aspect.LoggingAspect - Method called: OrderCache.autoClearCache()
2025-04-21 10:05:50 INFO  [scheduling-1] medvedev.services.OrderCache - Автоматическая очистка кеша заказов...
2025-04-21 10:05:50 INFO  [scheduling-1] medvedev.aspect.LoggingAspect - Method called: SneakerCacheService.autoClearCache()
2025-04-21 10:05:50 INFO  [scheduling-1] m.services.SneakerCacheService - Автоматическая очистка кеша...
2025-04-21 10:06:50 INFO  [scheduling-1] medvedev.aspect.LoggingAspect - Method called: ClientCache.autoClearCache()
2025-04-21 10:06:50 INFO  [scheduling-1] medvedev.services.ClientCache - Автоматическая очистка кеша клиентов...
2025-04-21 10:06:50 INFO  [scheduling-1] medvedev.aspect.LoggingAspect - Method called: OrderCache.autoClearCache()
2025-04-21 10:06:50 INFO  [scheduling-1] medvedev.services.OrderCache - Автоматическая очистка кеша заказов...
2025-04-21 10:06:50 INFO  [scheduling-1] medvedev.aspect.LoggingAspect - Method called: SneakerCacheService.autoClearCache()
2025-04-21 10:06:50 INFO  [scheduling-1] m.services.SneakerCacheService - Автоматическая очистка кеша...
2025-04-21 10:07:50 INFO  [scheduling-1] medvedev.aspect.LoggingAspect - Method called: ClientCache.autoClearCache()
2025-04-21 10:07:50 INFO  [scheduling-1] medvedev.services.ClientCache - Автоматическая очистка кеша клиентов...
2025-04-21 10:07:50 INFO  [scheduling-1] medvedev.aspect.LoggingAspect - Method called: OrderCache.autoClearCache()
2025-04-21 10:07:50 INFO  [scheduling-1] medvedev.services.OrderCache - Автоматическая очистка кеша заказов...
2025-04-21 10:07:50 INFO  [scheduling-1] medvedev.aspect.LoggingAspect - Method called: SneakerCacheService.autoClearCache()
2025-04-21 10:07:50 INFO  [scheduling-1] m.services.SneakerCacheService - Автоматическая очистка кеша...
2025-04-21 10:08:50 INFO  [scheduling-1] medvedev.aspect.LoggingAspect - Method called: ClientCache.autoClearCache()
2025-04-21 10:08:50 INFO  [scheduling-1] medvedev.services.ClientCache - Автоматическая очистка кеша клиентов...
2025-04-21 10:08:50 INFO  [scheduling-1] medvedev.aspect.LoggingAspect - Method called: OrderCache.autoClearCache()
2025-04-21 10:08:50 INFO  [scheduling-1] medvedev.services.OrderCache - Автоматическая очистка кеша заказов...
2025-04-21 10:08:50 INFO  [scheduling-1] medvedev.aspect.LoggingAspect - Method called: SneakerCacheService.autoClearCache()
2025-04-21 10:08:50 INFO  [scheduling-1] m.services.SneakerCacheService - Автоматическая очистка кеша...
2025-04-21 10:09:50 INFO  [scheduling-1] medvedev.aspect.LoggingAspect - Method called: ClientCache.autoClearCache()
2025-04-21 10:09:50 INFO  [scheduling-1] medvedev.services.ClientCache - Автоматическая очистка кеша клиентов...
2025-04-21 10:09:50 INFO  [scheduling-1] medvedev.aspect.LoggingAspect - Method called: OrderCache.autoClearCache()
2025-04-21 10:09:50 INFO  [scheduling-1] medvedev.services.OrderCache - Автоматическая очистка кеша заказов...
2025-04-21 10:09:50 INFO  [scheduling-1] medvedev.aspect.LoggingAspect - Method called: SneakerCacheService.autoClearCache()
2025-04-21 10:09:50 INFO  [scheduling-1] m.services.SneakerCacheService - Автоматическая очистка кеша...
2025-04-21 10:10:50 INFO  [scheduling-1] medvedev.aspect.LoggingAspect - Method called: ClientCache.autoClearCache()
2025-04-21 10:10:50 INFO  [scheduling-1] medvedev.services.ClientCache - Автоматическая очистка кеша клиентов...
2025-04-21 10:10:50 INFO  [scheduling-1] medvedev.aspect.LoggingAspect - Method called: OrderCache.autoClearCache()
2025-04-21 10:10:50 INFO  [scheduling-1] medvedev.services.OrderCache - Автоматическая очистка кеша заказов...
2025-04-21 10:10:50 INFO  [scheduling-1] medvedev.aspect.LoggingAspect - Method called: SneakerCacheService.autoClearCache()
2025-04-21 10:10:50 INFO  [scheduling-1] m.services.SneakerCacheService - Автоматическая очистка кеша...
